\BOOKMARK [1][-]{Doc-Start}{\376\377\000A\000l\000g\000o\000s}{}% 1
\BOOKMARK [2][-]{section*.1}{\376\377\0001\000.\0001\000\040\000F\000a\000s\000t\000\040\000I\000o}{Doc-Start}% 2
\BOOKMARK [1][-]{lstnumber.-1.58}{\376\377\000B\000i\000t\000\040\000M\000a\000n\000i\000p\000u\000l\000a\000t\000i\000o\000n}{}% 3
\BOOKMARK [2][-]{section*.2}{\376\377\0002\000.\0001\000\040\000B\000i\000t\000s}{lstnumber.-1.58}% 4
\BOOKMARK [1][-]{lstnumber.-2.37}{\376\377\000C\000o\000m\000b\000i\000n\000a\000t\000o\000r\000y}{}% 5
\BOOKMARK [2][-]{section*.3}{\376\377\0003\000.\0001\000\040\000C\000o\000m\000b\000i\000n\000a\000t\000o\000r\000y}{lstnumber.-2.37}% 6
\BOOKMARK [1][-]{lstnumber.-3.23}{\376\377\000G\000r\000a\000p\000h}{}% 7
\BOOKMARK [2][-]{section*.4}{\376\377\0004\000.\0001\000\040\000B\000f\000s}{lstnumber.-3.23}% 8
\BOOKMARK [2][-]{lstnumber.-4.23}{\376\377\0004\000.\0002\000\040\000B\000i\000p\000a\000r\000t\000i\000t\000e}{lstnumber.-3.23}% 9
\BOOKMARK [2][-]{lstnumber.-5.31}{\376\377\0004\000.\0003\000\040\000D\000f\000s}{lstnumber.-3.23}% 10
\BOOKMARK [2][-]{lstnumber.-6.13}{\376\377\0004\000.\0004\000\040\000D\000f\000s\000\040\0002\000D}{lstnumber.-3.23}% 11
\BOOKMARK [2][-]{lstnumber.-7.29}{\376\377\0004\000.\0005\000\040\000D\000i\000s\000j\000o\000i\000n\000t\000\040\000S\000e\000t\000\040\000U\000n\000i\000o\000n\000\040\000D\000s\000u}{lstnumber.-3.23}% 12
\BOOKMARK [2][-]{lstnumber.-8.20}{\376\377\0004\000.\0006\000\040\000D\000j\000i\000s\000k\000t\000r\000a}{lstnumber.-3.23}% 13
\BOOKMARK [2][-]{lstnumber.-9.31}{\376\377\0004\000.\0007\000\040\000L\000o\000w\000e\000s\000t\000\040\000C\000o\000m\000m\000o\000n\000\040\000A\000n\000c\000e\000s\000t\000o\000r\000\040\000L\000c\000a}{lstnumber.-3.23}% 14
\BOOKMARK [2][-]{lstnumber.-10.61}{\376\377\0004\000.\0008\000\040\000S\000c\000c}{lstnumber.-3.23}% 15
\BOOKMARK [2][-]{lstnumber.-11.57}{\376\377\0004\000.\0009\000\040\000T\000o\000p\000o\000l\000o\000g\000i\000c\000a\000l\000\040\000S\000o\000r\000t}{lstnumber.-3.23}% 16
\BOOKMARK [1][-]{lstnumber.-12.20}{\376\377\000N\000u\000m\000b\000e\000r\000\040\000T\000h\000e\000o\000r\000r\000y}{}% 17
\BOOKMARK [2][-]{section*.5}{\376\377\0005\000.\0001\000\040\000E\000u\000l\000e\000r\000\040\000T\000o\000l\000i\000e\000n\000t\000e}{lstnumber.-12.20}% 18
\BOOKMARK [2][-]{lstnumber.-13.36}{\376\377\0005\000.\0002\000\040\000N\000u\000m\000b\000e\000r\000\040\000T\000h\000e\000o\000r\000y}{lstnumber.-12.20}% 19
\BOOKMARK [2][-]{lstnumber.-14.49}{\376\377\0005\000.\0003\000\040\000P\000h\000i\000\040\000E\000u\000l\000e\000r}{lstnumber.-12.20}% 20
\BOOKMARK [2][-]{lstnumber.-15.32}{\376\377\0005\000.\0004\000\040\000P\000o\000t\000e\000n\000c\000i\000a\000c\000i\000\363\000n\000\040\000B\000i\000n\000a\000r\000i\000a}{lstnumber.-12.20}% 21
\BOOKMARK [2][-]{lstnumber.-16.12}{\376\377\0005\000.\0005\000\040\000S\000i\000e\000v\000e}{lstnumber.-12.20}% 22
\BOOKMARK [2][-]{lstnumber.-17.14}{\376\377\0005\000.\0006\000\040\000S\000u\000m\000\040\000O\000f\000\040\000D\000i\000v\000i\000s\000o\000r\000s}{lstnumber.-12.20}% 23
\BOOKMARK [1][-]{lstnumber.-18.25}{\376\377\000S\000e\000g\000m\000e\000n\000t\000\040\000T\000r\000e\000e}{}% 24
\BOOKMARK [2][-]{section*.6}{\376\377\0006\000.\0001\000\040\000F\000i\000n\000d\000\040\000T\000w\000o\000\040\000N\000u\000m\000b\000e\000r\000s}{lstnumber.-18.25}% 25
\BOOKMARK [2][-]{lstnumber.-19.14}{\376\377\0006\000.\0002\000\040\000S\000e\000g\000m\000e\000n\000t\000\040\000T\000r\000e\000e\000\040\000R\000e\000c\000u\000r\000s\000i\000v\000o}{lstnumber.-18.25}% 26
\BOOKMARK [2][-]{lstnumber.-20.94}{\376\377\0006\000.\0003\000\040\000S\000e\000g\000m\000e\000n\000t\000\040\000T\000r\000e\000e\000\040\000V\0002}{lstnumber.-18.25}% 27
\BOOKMARK [2][-]{lstnumber.-21.60}{\376\377\0006\000.\0004\000\040\000S\000e\000g\000m\000e\000n\000t\000\040\000T\000r\000e\000e\000\040\000V\0003}{lstnumber.-18.25}% 28
